19:38:57 **** Incremental Build of configuration Debug for project firstsection ****
make all 
Building target: firstsection
Invoking: GCC C Linker
gcc  -o "firstsection"  ./src/client.o ./src/firstsection.o ./src/server.o ./src/showip.o   
./src/firstsection.o: In function `main':
/home/girija/Documents/networks/labs/lab1section1/firstsection/Debug/../src/firstsection.c:14: multiple definition of `main'
./src/client.o:/home/girija/Documents/networks/labs/lab1section1/firstsection/Debug/../src/client.c:28: first defined here
makefile:30: recipe for target 'firstsection' failed
./src/server.o: In function `get_in_addr':
/home/girija/Documents/networks/labs/lab1section1/firstsection/Debug/../src/server.c:31: multiple definition of `get_in_addr'
./src/client.o:/home/girija/Documents/networks/labs/lab1section1/firstsection/Debug/../src/client.c:20: first defined here
./src/server.o: In function `main':
/home/girija/Documents/networks/labs/lab1section1/firstsection/Debug/../src/server.c:38: multiple definition of `main'
./src/client.o:/home/girija/Documents/networks/labs/lab1section1/firstsection/Debug/../src/client.c:28: first defined here
./src/showip.o: In function `main':
/home/girija/Documents/networks/labs/lab1section1/firstsection/Debug/../src/showip.c:14: multiple definition of `main'
./src/client.o:/home/girija/Documents/networks/labs/lab1section1/firstsection/Debug/../src/client.c:28: first defined here
collect2: error: ld returned 1 exit status
make: *** [firstsection] Error 1
19:42:37 **** Incremental Build of configuration Debug for project firstsection ****
gcc -o server server.c all 
gcc: error: server.c: No such file or directory
gcc: error: all: No such file or directory
gcc: fatal error: no input files
compilation terminated.
19:44:43 **** Incremental Build of configuration Debug for project firstsection ****
gcc -o server /home/girija/Documents/networks/labs/lab1section1/firstsection/server.c all 
gcc: error: /home/girija/Documents/networks/labs/lab1section1/firstsection/server.c: No such file or directory
gcc: error: all: No such file or directory
gcc: fatal error: no input files
compilation terminated.
19:45:27 **** Incremental Build of configuration Debug for project firstsection ****
gcc -o server /home/girija/Documents/networks/labs/lab1section1/firstsection/src/server.c all 
gcc: error: all: No such file or directory
19:46:28 **** Incremental Build of configuration Debug for project firstsection ****
gcc -g -o /home/girija/Documents/networks/labs/lab1section1/firstsection/src/server /home/girija/Documents/networks/labs/lab1section1/firstsection/src/server.c all 
gcc: error: all: No such file or directory
